# JRE version: Java(TM) SE Runtime Environment (8.0_421) (build 1.8.0_421-b09)
# Java VM: Java HotSpot(TM) 64-Bit Server VM (25.421-b09 mixed mode windows-amd64 compressed oops)
Heap:
 PSYoungGen      total 534528K, used 149787K [0x000000076c600000, 0x0000000790400000, 0x00000007c0000000)
  eden space 507392K, 24% used [0x000000076c600000,0x0000000773dcae00,0x000000078b580000)
  from space 27136K, 99% used [0x000000078d880000,0x000000078f2fc030,0x000000078f300000)
  to   space 35840K, 0% used [0x000000078b580000,0x000000078b580000,0x000000078d880000)
 ParOldGen       total 172032K, used 32764K [0x00000006c5200000, 0x00000006cfa00000, 0x000000076c600000)
  object space 172032K, 19% used [0x00000006c5200000,0x00000006c71ff2a0,0x00000006cfa00000)
 Metaspace       used 20208K, capacity 20714K, committed 20736K, reserved 1067008K
  class space    used 2393K, capacity 2560K, committed 2560K, reserved 1048576K
GC Heap History (10 events):
Event: 0.515 GC heap before
{Heap before GC invocations=2 (full 0):
 PSYoungGen      total 75264K, used 72324K [0x000000076c600000, 0x0000000775900000, 0x00000007c0000000)
  eden space 64512K, 100% used [0x000000076c600000,0x0000000770500000,0x0000000770500000)
  from space 10752K, 72% used [0x0000000770500000,0x0000000770ca1020,0x0000000770f80000)
  to   space 10752K, 0% used [0x0000000774e80000,0x0000000774e80000,0x0000000775900000)
 ParOldGen       total 172032K, used 99K [0x00000006c5200000, 0x00000006cfa00000, 0x000000076c600000)
  object space 172032K, 0% used [0x00000006c5200000,0x00000006c5218c60,0x00000006cfa00000)
 Metaspace       used 14241K, capacity 14588K, committed 14976K, reserved 1062912K
  class space    used 1706K, capacity 1811K, committed 1920K, reserved 1048576K
Event: 0.520 GC heap after
Heap after GC invocations=2 (full 0):
 PSYoungGen      total 139776K, used 8640K [0x000000076c600000, 0x0000000775900000, 0x00000007c0000000)
  eden space 129024K, 0% used [0x000000076c600000,0x000000076c600000,0x0000000774400000)
  from space 10752K, 80% used [0x0000000774e80000,0x00000007756f0020,0x0000000775900000)
  to   space 10752K, 0% used [0x0000000774400000,0x0000000774400000,0x0000000774e80000)
 ParOldGen       total 172032K, used 107K [0x00000006c5200000, 0x00000006cfa00000, 0x000000076c600000)
  object space 172032K, 0% used [0x00000006c5200000,0x00000006c521ac60,0x00000006cfa00000)
 Metaspace       used 14241K, capacity 14588K, committed 14976K, reserved 1062912K
  class space    used 1706K, capacity 1811K, committed 1920K, reserved 1048576K
}
Event: 0.572 GC heap before
{Heap before GC invocations=3 (full 0):
 PSYoungGen      total 139776K, used 137664K [0x000000076c600000, 0x0000000775900000, 0x00000007c0000000)
  eden space 129024K, 100% used [0x000000076c600000,0x0000000774400000,0x0000000774400000)
  from space 10752K, 80% used [0x0000000774e80000,0x00000007756f0020,0x0000000775900000)
  to   space 10752K, 0% used [0x0000000774400000,0x0000000774400000,0x0000000774e80000)
 ParOldGen       total 172032K, used 107K [0x00000006c5200000, 0x00000006cfa00000, 0x000000076c600000)
  object space 172032K, 0% used [0x00000006c5200000,0x00000006c521ac60,0x00000006cfa00000)
 Metaspace       used 14342K, capacity 14684K, committed 14976K, reserved 1062912K
  class space    used 1714K, capacity 1843K, committed 1920K, reserved 1048576K
Event: 0.580 GC heap after
Heap after GC invocations=3 (full 0):
 PSYoungGen      total 139776K, used 10720K [0x000000076c600000, 0x000000077d700000, 0x00000007c0000000)
  eden space 129024K, 0% used [0x000000076c600000,0x000000076c600000,0x0000000774400000)
  from space 10752K, 99% used [0x0000000774400000,0x0000000774e78020,0x0000000774e80000)
  to   space 10752K, 0% used [0x000000077cc80000,0x000000077cc80000,0x000000077d700000)
 ParOldGen       total 172032K, used 5267K [0x00000006c5200000, 0x00000006cfa00000, 0x000000076c600000)
  object space 172032K, 3% used [0x00000006c5200000,0x00000006c5724c60,0x00000006cfa00000)
 Metaspace       used 14342K, capacity 14684K, committed 14976K, reserved 1062912K
  class space    used 1714K, capacity 1843K, committed 1920K, reserved 1048576K
}
Event: 0.612 GC heap before
{Heap before GC invocations=4 (full 0):
 PSYoungGen      total 139776K, used 139744K [0x000000076c600000, 0x000000077d700000, 0x00000007c0000000)
  eden space 129024K, 100% used [0x000000076c600000,0x0000000774400000,0x0000000774400000)
  from space 10752K, 99% used [0x0000000774400000,0x0000000774e78020,0x0000000774e80000)
  to   space 10752K, 0% used [0x000000077cc80000,0x000000077cc80000,0x000000077d700000)
 ParOldGen       total 172032K, used 5267K [0x00000006c5200000, 0x00000006cfa00000, 0x000000076c600000)
  object space 172032K, 3% used [0x00000006c5200000,0x00000006c5724c60,0x00000006cfa00000)
 Metaspace       used 14343K, capacity 14684K, committed 14976K, reserved 1062912K
  class space    used 1714K, capacity 1843K, committed 1920K, reserved 1048576K
Event: 0.630 GC heap after
Heap after GC invocations=4 (full 0):
 PSYoungGen      total 268800K, used 10720K [0x000000076c600000, 0x000000077d700000, 0x00000007c0000000)
  eden space 258048K, 0% used [0x000000076c600000,0x000000076c600000,0x000000077c200000)
  from space 10752K, 99% used [0x000000077cc80000,0x000000077d6f8020,0x000000077d700000)
  to   space 10752K, 0% used [0x000000077c200000,0x000000077c200000,0x000000077cc80000)
 ParOldGen       total 172032K, used 12427K [0x00000006c5200000, 0x00000006cfa00000, 0x000000076c600000)
  object space 172032K, 7% used [0x00000006c5200000,0x00000006c5e22c60,0x00000006cfa00000)
 Metaspace       used 14343K, capacity 14684K, committed 14976K, reserved 1062912K
  class space    used 1714K, capacity 1843K, committed 1920K, reserved 1048576K
}
Event: 0.720 GC heap before
{Heap before GC invocations=5 (full 0):
 PSYoungGen      total 268800K, used 268768K [0x000000076c600000, 0x000000077d700000, 0x00000007c0000000)
  eden space 258048K, 100% used [0x000000076c600000,0x000000077c200000,0x000000077c200000)
  from space 10752K, 99% used [0x000000077cc80000,0x000000077d6f8020,0x000000077d700000)
  to   space 10752K, 0% used [0x000000077c200000,0x000000077c200000,0x000000077cc80000)
 ParOldGen       total 172032K, used 12427K [0x00000006c5200000, 0x00000006cfa00000, 0x000000076c600000)
  object space 172032K, 7% used [0x00000006c5200000,0x00000006c5e22c60,0x00000006cfa00000)
 Metaspace       used 14347K, capacity 14684K, committed 14976K, reserved 1062912K
  class space    used 1714K, capacity 1843K, committed 1920K, reserved 1048576K
Event: 0.736 GC heap after
Heap after GC invocations=5 (full 0):
 PSYoungGen      total 268800K, used 10720K [0x000000076c600000, 0x000000078f300000, 0x00000007c0000000)
  eden space 258048K, 0% used [0x000000076c600000,0x000000076c600000,0x000000077c200000)
  from space 10752K, 99% used [0x000000077c200000,0x000000077cc78010,0x000000077cc80000)
  to   space 27136K, 0% used [0x000000078d880000,0x000000078d880000,0x000000078f300000)
 ParOldGen       total 172032K, used 25634K [0x00000006c5200000, 0x00000006cfa00000, 0x000000076c600000)
  object space 172032K, 14% used [0x00000006c5200000,0x00000006c6b08ad0,0x00000006cfa00000)
 Metaspace       used 14347K, capacity 14684K, committed 14976K, reserved 1062912K
  class space    used 1714K, capacity 1843K, committed 1920K, reserved 1048576K
}
Event: 0.977 GC heap before
{Heap before GC invocations=6 (full 0):
 PSYoungGen      total 268800K, used 268768K [0x000000076c600000, 0x000000078f300000, 0x00000007c0000000)
  eden space 258048K, 100% used [0x000000076c600000,0x000000077c200000,0x000000077c200000)
  from space 10752K, 99% used [0x000000077c200000,0x000000077cc78010,0x000000077cc80000)
  to   space 27136K, 0% used [0x000000078d880000,0x000000078d880000,0x000000078f300000)
 ParOldGen       total 172032K, used 25634K [0x00000006c5200000, 0x00000006cfa00000, 0x000000076c600000)
  object space 172032K, 14% used [0x00000006c5200000,0x00000006c6b08ad0,0x00000006cfa00000)
 Metaspace       used 15051K, capacity 15358K, committed 15616K, reserved 1062912K
  class space    used 1815K, capacity 1940K, committed 2048K, reserved 1048576K
Event: 0.996 GC heap after
Heap after GC invocations=6 (full 0):
 PSYoungGen      total 534528K, used 27120K [0x000000076c600000, 0x0000000790400000, 0x00000007c0000000)
  eden space 507392K, 0% used [0x000000076c600000,0x000000076c600000,0x000000078b580000)
  from space 27136K, 99% used [0x000000078d880000,0x000000078f2fc030,0x000000078f300000)
  to   space 35840K, 0% used [0x000000078b580000,0x000000078b580000,0x000000078d880000)
 ParOldGen       total 172032K, used 32764K [0x00000006c5200000, 0x00000006cfa00000, 0x000000076c600000)
  object space 172032K, 19% used [0x00000006c5200000,0x00000006c71ff2a0,0x00000006cfa00000)
 Metaspace       used 15051K, capacity 15358K, committed 15616K, reserved 1062912K
  class space    used 1815K, capacity 1940K, committed 2048K, reserved 1048576K
}

